# JRE version: OpenJDK Runtime Environment Temurin-17.0.8+7 (17.0.8+7) (build 17.0.8+7)
# Java VM: OpenJDK 64-Bit Server VM Temurin-17.0.8+7 (17.0.8+7, mixed mode, sharing, tiered, compressed oops, compressed class ptrs, g1 gc, windows-amd64)
GC Precious Log:
 CPUs: 8 total, 8 available
 Memory: 12056M
 Large Page Support: Disabled
 NUMA Support: Disabled
 Compressed Oops: Enabled (Zero based)
 Heap Region Size: 2M
 Heap Min Capacity: 8M
 Heap Initial Capacity: 190M
 Heap Max Capacity: 3016M
 Pre-touch: Disabled
 Parallel Workers: 8
 Concurrent Workers: 2
 Concurrent Refinement Workers: 8
 Periodic GC: Disabled
Heap:
 garbage-first heap   total 233472K, used 166521K [0x0000000743800000, 0x0000000800000000)
  region size 2048K, 59 young (120832K), 2 survivors (4096K)
 Metaspace       used 19146K, committed 19456K, reserved 1114112K
  class space    used 2059K, committed 2240K, reserved 1048576K
GC Heap History (20 events):
Event: 9.134 GC heap before
{Heap before GC invocations=19 (full 0):
 garbage-first heap   total 194560K, used 153162K [0x0000000743800000, 0x0000000800000000)
  region size 2048K, 52 young (106496K), 3 survivors (6144K)
 Metaspace       used 18710K, committed 19072K, reserved 1114112K
  class space    used 2044K, committed 2240K, reserved 1048576K
}
Event: 9.138 GC heap after
{Heap after GC invocations=20 (full 0):
 garbage-first heap   total 233472K, used 54940K [0x0000000743800000, 0x0000000800000000)
  region size 2048K, 3 young (6144K), 3 survivors (6144K)
 Metaspace       used 18710K, committed 19072K, reserved 1114112K
  class space    used 2044K, committed 2240K, reserved 1048576K
}
Event: 9.443 GC heap before
{Heap before GC invocations=20 (full 0):
 garbage-first heap   total 233472K, used 186012K [0x0000000743800000, 0x0000000800000000)
  region size 2048K, 68 young (139264K), 3 survivors (6144K)
 Metaspace       used 18849K, committed 19200K, reserved 1114112K
  class space    used 2046K, committed 2240K, reserved 1048576K
}
Event: 9.445 GC heap after
{Heap after GC invocations=21 (full 0):
 garbage-first heap   total 233472K, used 55050K [0x0000000743800000, 0x0000000800000000)
  region size 2048K, 3 young (6144K), 3 survivors (6144K)
 Metaspace       used 18849K, committed 19200K, reserved 1114112K
  class space    used 2046K, committed 2240K, reserved 1048576K
}
Event: 9.772 GC heap before
{Heap before GC invocations=21 (full 0):
 garbage-first heap   total 233472K, used 186122K [0x0000000743800000, 0x0000000800000000)
  region size 2048K, 68 young (139264K), 3 survivors (6144K)
 Metaspace       used 18882K, committed 19200K, reserved 1114112K
  class space    used 2046K, committed 2240K, reserved 1048576K
}
Event: 9.774 GC heap after
{Heap after GC invocations=22 (full 0):
 garbage-first heap   total 233472K, used 55164K [0x0000000743800000, 0x0000000800000000)
  region size 2048K, 3 young (6144K), 3 survivors (6144K)
 Metaspace       used 18882K, committed 19200K, reserved 1114112K
  class space    used 2046K, committed 2240K, reserved 1048576K
}
Event: 10.103 GC heap before
{Heap before GC invocations=22 (full 0):
 garbage-first heap   total 233472K, used 186236K [0x0000000743800000, 0x0000000800000000)
  region size 2048K, 68 young (139264K), 3 survivors (6144K)
 Metaspace       used 18957K, committed 19264K, reserved 1114112K
  class space    used 2049K, committed 2240K, reserved 1048576K
}
Event: 10.104 GC heap after
{Heap after GC invocations=23 (full 0):
 garbage-first heap   total 233472K, used 55207K [0x0000000743800000, 0x0000000800000000)
  region size 2048K, 3 young (6144K), 3 survivors (6144K)
 Metaspace       used 18957K, committed 19264K, reserved 1114112K
  class space    used 2049K, committed 2240K, reserved 1048576K
}
Event: 10.427 GC heap before
{Heap before GC invocations=23 (full 0):
 garbage-first heap   total 233472K, used 186279K [0x0000000743800000, 0x0000000800000000)
  region size 2048K, 68 young (139264K), 3 survivors (6144K)
 Metaspace       used 18958K, committed 19264K, reserved 1114112K
  class space    used 2049K, committed 2240K, reserved 1048576K
}
Event: 10.428 GC heap after
{Heap after GC invocations=24 (full 0):
 garbage-first heap   total 233472K, used 55167K [0x0000000743800000, 0x0000000800000000)
  region size 2048K, 3 young (6144K), 3 survivors (6144K)
 Metaspace       used 18958K, committed 19264K, reserved 1114112K
  class space    used 2049K, committed 2240K, reserved 1048576K
}
Event: 10.750 GC heap before
{Heap before GC invocations=24 (full 0):
 garbage-first heap   total 233472K, used 186239K [0x0000000743800000, 0x0000000800000000)
  region size 2048K, 68 young (139264K), 3 survivors (6144K)
 Metaspace       used 19003K, committed 19392K, reserved 1114112K
  class space    used 2049K, committed 2240K, reserved 1048576K
}
Event: 10.751 GC heap after
{Heap after GC invocations=25 (full 0):
 garbage-first heap   total 233472K, used 53158K [0x0000000743800000, 0x0000000800000000)
  region size 2048K, 2 young (4096K), 2 survivors (4096K)
 Metaspace       used 19003K, committed 19392K, reserved 1114112K
  class space    used 2049K, committed 2240K, reserved 1048576K
}
Event: 11.095 GC heap before
{Heap before GC invocations=25 (full 0):
 garbage-first heap   total 233472K, used 186278K [0x0000000743800000, 0x0000000800000000)
  region size 2048K, 68 young (139264K), 2 survivors (4096K)
 Metaspace       used 19128K, committed 19456K, reserved 1114112K
  class space    used 2057K, committed 2240K, reserved 1048576K
}
Event: 11.096 GC heap after
{Heap after GC invocations=26 (full 0):
 garbage-first heap   total 233472K, used 52036K [0x0000000743800000, 0x0000000800000000)
  region size 2048K, 1 young (2048K), 1 survivors (2048K)
 Metaspace       used 19128K, committed 19456K, reserved 1114112K
  class space    used 2057K, committed 2240K, reserved 1048576K
}
Event: 11.420 GC heap before
{Heap before GC invocations=26 (full 0):
 garbage-first heap   total 233472K, used 187204K [0x0000000743800000, 0x0000000800000000)
  region size 2048K, 68 young (139264K), 1 survivors (2048K)
 Metaspace       used 19133K, committed 19456K, reserved 1114112K
  class space    used 2057K, committed 2240K, reserved 1048576K
}
Event: 11.421 GC heap after
{Heap after GC invocations=27 (full 0):
 garbage-first heap   total 233472K, used 53954K [0x0000000743800000, 0x0000000800000000)
  region size 2048K, 2 young (4096K), 2 survivors (4096K)
 Metaspace       used 19133K, committed 19456K, reserved 1114112K
  class space    used 2057K, committed 2240K, reserved 1048576K
}
Event: 11.774 GC heap before
{Heap before GC invocations=27 (full 0):
 garbage-first heap   total 233472K, used 187074K [0x0000000743800000, 0x0000000800000000)
  region size 2048K, 68 young (139264K), 2 survivors (4096K)
 Metaspace       used 19137K, committed 19456K, reserved 1114112K
  class space    used 2057K, committed 2240K, reserved 1048576K
}
Event: 11.775 GC heap after
{Heap after GC invocations=28 (full 0):
 garbage-first heap   total 233472K, used 51143K [0x0000000743800000, 0x0000000800000000)
  region size 2048K, 1 young (2048K), 1 survivors (2048K)
 Metaspace       used 19137K, committed 19456K, reserved 1114112K
  class space    used 2057K, committed 2240K, reserved 1048576K
}
Event: 12.109 GC heap before
{Heap before GC invocations=28 (full 0):
 garbage-first heap   total 233472K, used 186311K [0x0000000743800000, 0x0000000800000000)
  region size 2048K, 68 young (139264K), 1 survivors (2048K)
 Metaspace       used 19138K, committed 19456K, reserved 1114112K
  class space    used 2057K, committed 2240K, reserved 1048576K
}
Event: 12.110 GC heap after
{Heap after GC invocations=29 (full 0):
 garbage-first heap   total 233472K, used 53881K [0x0000000743800000, 0x0000000800000000)
  region size 2048K, 2 young (4096K), 2 survivors (4096K)
 Metaspace       used 19138K, committed 19456K, reserved 1114112K
  class space    used 2057K, committed 2240K, reserved 1048576K
}

