# JRE version: OpenJDK Runtime Environment Temurin-17.0.8+7 (17.0.8+7) (build 17.0.8+7)
# Java VM: OpenJDK 64-Bit Server VM Temurin-17.0.8+7 (17.0.8+7, mixed mode, sharing, tiered, compressed oops, compressed class ptrs, g1 gc, windows-amd64)
GC Precious Log:
 CPUs: 8 total, 8 available
 Memory: 12056M
 Large Page Support: Disabled
 NUMA Support: Disabled
 Compressed Oops: Enabled (Zero based)
 Heap Region Size: 2M
 Heap Min Capacity: 8M
 Heap Initial Capacity: 190M
 Heap Max Capacity: 3016M
 Pre-touch: Disabled
 Parallel Workers: 8
 Concurrent Workers: 2
 Concurrent Refinement Workers: 8
 Periodic GC: Disabled
Heap:
 garbage-first heap   total 337920K, used 123014K [0x0000000743800000, 0x0000000800000000)
  region size 2048K, 35 young (71680K), 3 survivors (6144K)
 Metaspace       used 20126K, committed 20480K, reserved 1114112K
  class space    used 2168K, committed 2368K, reserved 1048576K
GC Heap History (20 events):
Event: 7.630 GC heap before
{Heap before GC invocations=19 (full 0):
 garbage-first heap   total 337920K, used 252032K [0x0000000743800000, 0x0000000800000000)
  region size 2048K, 99 young (202752K), 7 survivors (14336K)
 Metaspace       used 19806K, committed 20224K, reserved 1114112K
  class space    used 2164K, committed 2368K, reserved 1048576K
}
Event: 7.635 GC heap after
{Heap after GC invocations=20 (full 0):
 garbage-first heap   total 337920K, used 61127K [0x0000000743800000, 0x0000000800000000)
  region size 2048K, 4 young (8192K), 4 survivors (8192K)
 Metaspace       used 19806K, committed 20224K, reserved 1114112K
  class space    used 2164K, committed 2368K, reserved 1048576K
}
Event: 7.867 GC heap before
{Heap before GC invocations=20 (full 0):
 garbage-first heap   total 337920K, used 253639K [0x0000000743800000, 0x0000000800000000)
  region size 2048K, 99 young (202752K), 4 survivors (8192K)
 Metaspace       used 19843K, committed 20224K, reserved 1114112K
  class space    used 2164K, committed 2368K, reserved 1048576K
}
Event: 7.870 GC heap after
{Heap after GC invocations=21 (full 0):
 garbage-first heap   total 337920K, used 61167K [0x0000000743800000, 0x0000000800000000)
  region size 2048K, 4 young (8192K), 4 survivors (8192K)
 Metaspace       used 19843K, committed 20224K, reserved 1114112K
  class space    used 2164K, committed 2368K, reserved 1048576K
}
Event: 8.122 GC heap before
{Heap before GC invocations=21 (full 0):
 garbage-first heap   total 337920K, used 253679K [0x0000000743800000, 0x0000000800000000)
  region size 2048K, 99 young (202752K), 4 survivors (8192K)
 Metaspace       used 19921K, committed 20288K, reserved 1114112K
  class space    used 2165K, committed 2368K, reserved 1048576K
}
Event: 8.125 GC heap after
{Heap after GC invocations=22 (full 0):
 garbage-first heap   total 337920K, used 62248K [0x0000000743800000, 0x0000000800000000)
  region size 2048K, 4 young (8192K), 4 survivors (8192K)
 Metaspace       used 19921K, committed 20288K, reserved 1114112K
  class space    used 2165K, committed 2368K, reserved 1048576K
}
Event: 8.354 GC heap before
{Heap before GC invocations=22 (full 0):
 garbage-first heap   total 337920K, used 254760K [0x0000000743800000, 0x0000000800000000)
  region size 2048K, 99 young (202752K), 4 survivors (8192K)
 Metaspace       used 20042K, committed 20416K, reserved 1114112K
  class space    used 2167K, committed 2368K, reserved 1048576K
}
Event: 8.356 GC heap after
{Heap after GC invocations=23 (full 0):
 garbage-first heap   total 337920K, used 61166K [0x0000000743800000, 0x0000000800000000)
  region size 2048K, 4 young (8192K), 4 survivors (8192K)
 Metaspace       used 20042K, committed 20416K, reserved 1114112K
  class space    used 2167K, committed 2368K, reserved 1048576K
}
Event: 8.588 GC heap before
{Heap before GC invocations=23 (full 0):
 garbage-first heap   total 337920K, used 253678K [0x0000000743800000, 0x0000000800000000)
  region size 2048K, 99 young (202752K), 4 survivors (8192K)
 Metaspace       used 20043K, committed 20416K, reserved 1114112K
  class space    used 2167K, committed 2368K, reserved 1048576K
}
Event: 8.591 GC heap after
{Heap after GC invocations=24 (full 0):
 garbage-first heap   total 337920K, used 61712K [0x0000000743800000, 0x0000000800000000)
  region size 2048K, 3 young (6144K), 3 survivors (6144K)
 Metaspace       used 20043K, committed 20416K, reserved 1114112K
  class space    used 2167K, committed 2368K, reserved 1048576K
}
Event: 8.822 GC heap before
{Heap before GC invocations=24 (full 0):
 garbage-first heap   total 337920K, used 256272K [0x0000000743800000, 0x0000000800000000)
  region size 2048K, 99 young (202752K), 3 survivors (6144K)
 Metaspace       used 20086K, committed 20480K, reserved 1114112K
  class space    used 2167K, committed 2368K, reserved 1048576K
}
Event: 8.824 GC heap after
{Heap after GC invocations=25 (full 0):
 garbage-first heap   total 337920K, used 61421K [0x0000000743800000, 0x0000000800000000)
  region size 2048K, 3 young (6144K), 3 survivors (6144K)
 Metaspace       used 20086K, committed 20480K, reserved 1114112K
  class space    used 2167K, committed 2368K, reserved 1048576K
}
Event: 9.062 GC heap before
{Heap before GC invocations=25 (full 0):
 garbage-first heap   total 337920K, used 255981K [0x0000000743800000, 0x0000000800000000)
  region size 2048K, 99 young (202752K), 3 survivors (6144K)
 Metaspace       used 20087K, committed 20480K, reserved 1114112K
  class space    used 2167K, committed 2368K, reserved 1048576K
}
Event: 9.063 GC heap after
{Heap after GC invocations=26 (full 0):
 garbage-first heap   total 337920K, used 62445K [0x0000000743800000, 0x0000000800000000)
  region size 2048K, 4 young (8192K), 4 survivors (8192K)
 Metaspace       used 20087K, committed 20480K, reserved 1114112K
  class space    used 2167K, committed 2368K, reserved 1048576K
}
Event: 9.299 GC heap before
{Heap before GC invocations=26 (full 0):
 garbage-first heap   total 337920K, used 254957K [0x0000000743800000, 0x0000000800000000)
  region size 2048K, 99 young (202752K), 4 survivors (8192K)
 Metaspace       used 20117K, committed 20480K, reserved 1114112K
  class space    used 2167K, committed 2368K, reserved 1048576K
}
Event: 9.300 GC heap after
{Heap after GC invocations=27 (full 0):
 garbage-first heap   total 337920K, used 62115K [0x0000000743800000, 0x0000000800000000)
  region size 2048K, 3 young (6144K), 3 survivors (6144K)
 Metaspace       used 20117K, committed 20480K, reserved 1114112K
  class space    used 2167K, committed 2368K, reserved 1048576K
}
Event: 9.543 GC heap before
{Heap before GC invocations=27 (full 0):
 garbage-first heap   total 337920K, used 256675K [0x0000000743800000, 0x0000000800000000)
  region size 2048K, 99 young (202752K), 3 survivors (6144K)
 Metaspace       used 20117K, committed 20480K, reserved 1114112K
  class space    used 2167K, committed 2368K, reserved 1048576K
}
Event: 9.544 GC heap after
{Heap after GC invocations=28 (full 0):
 garbage-first heap   total 337920K, used 59238K [0x0000000743800000, 0x0000000800000000)
  region size 2048K, 2 young (4096K), 2 survivors (4096K)
 Metaspace       used 20117K, committed 20480K, reserved 1114112K
  class space    used 2167K, committed 2368K, reserved 1048576K
}
Event: 9.792 GC heap before
{Heap before GC invocations=28 (full 0):
 garbage-first heap   total 337920K, used 255846K [0x0000000743800000, 0x0000000800000000)
  region size 2048K, 99 young (202752K), 2 survivors (4096K)
 Metaspace       used 20125K, committed 20480K, reserved 1114112K
  class space    used 2168K, committed 2368K, reserved 1048576K
}
Event: 9.793 GC heap after
{Heap after GC invocations=29 (full 0):
 garbage-first heap   total 337920K, used 61574K [0x0000000743800000, 0x0000000800000000)
  region size 2048K, 3 young (6144K), 3 survivors (6144K)
 Metaspace       used 20125K, committed 20480K, reserved 1114112K
  class space    used 2168K, committed 2368K, reserved 1048576K
}

