# JRE version: OpenJDK Runtime Environment Temurin-17.0.8+7 (17.0.8+7) (build 17.0.8+7)
# Java VM: OpenJDK 64-Bit Server VM Temurin-17.0.8+7 (17.0.8+7, mixed mode, sharing, tiered, compressed oops, compressed class ptrs, g1 gc, windows-amd64)
GC Precious Log:
 CPUs: 8 total, 8 available
 Memory: 12056M
 Large Page Support: Disabled
 NUMA Support: Disabled
 Compressed Oops: Enabled (Zero based)
 Heap Region Size: 2M
 Heap Min Capacity: 8M
 Heap Initial Capacity: 190M
 Heap Max Capacity: 3016M
 Pre-touch: Disabled
 Parallel Workers: 8
 Concurrent Workers: 2
 Concurrent Refinement Workers: 8
 Periodic GC: Disabled
Heap:
 garbage-first heap   total 194560K, used 150129K [0x0000000743800000, 0x0000000800000000)
  region size 2048K, 52 young (106496K), 2 survivors (4096K)
 Metaspace       used 18348K, committed 18688K, reserved 1114112K
  class space    used 2021K, committed 2176K, reserved 1048576K
GC Heap History (20 events):
Event: 4.999 GC heap before
{Heap before GC invocations=6 (full 0):
 garbage-first heap   total 194560K, used 155192K [0x0000000743800000, 0x0000000800000000)
  region size 2048K, 56 young (114688K), 2 survivors (4096K)
 Metaspace       used 18067K, committed 18368K, reserved 1114112K
  class space    used 2017K, committed 2176K, reserved 1048576K
}
Event: 5.001 GC heap after
{Heap after GC invocations=7 (full 0):
 garbage-first heap   total 194560K, used 47619K [0x0000000743800000, 0x0000000800000000)
  region size 2048K, 3 young (6144K), 3 survivors (6144K)
 Metaspace       used 18067K, committed 18368K, reserved 1114112K
  class space    used 2017K, committed 2176K, reserved 1048576K
}
Event: 5.280 GC heap before
{Heap before GC invocations=7 (full 0):
 garbage-first heap   total 194560K, used 162307K [0x0000000743800000, 0x0000000800000000)
  region size 2048K, 57 young (116736K), 3 survivors (6144K)
 Metaspace       used 18116K, committed 18432K, reserved 1114112K
  class space    used 2019K, committed 2176K, reserved 1048576K
}
Event: 5.283 GC heap after
{Heap after GC invocations=8 (full 0):
 garbage-first heap   total 194560K, used 50786K [0x0000000743800000, 0x0000000800000000)
  region size 2048K, 1 young (2048K), 1 survivors (2048K)
 Metaspace       used 18116K, committed 18432K, reserved 1114112K
  class space    used 2019K, committed 2176K, reserved 1048576K
}
Event: 5.552 GC heap before
{Heap before GC invocations=8 (full 0):
 garbage-first heap   total 194560K, used 159330K [0x0000000743800000, 0x0000000800000000)
  region size 2048K, 55 young (112640K), 1 survivors (2048K)
 Metaspace       used 18145K, committed 18432K, reserved 1114112K
  class space    used 2019K, committed 2176K, reserved 1048576K
}
Event: 5.555 GC heap after
{Heap after GC invocations=9 (full 0):
 garbage-first heap   total 194560K, used 54782K [0x0000000743800000, 0x0000000800000000)
  region size 2048K, 3 young (6144K), 3 survivors (6144K)
 Metaspace       used 18145K, committed 18432K, reserved 1114112K
  class space    used 2019K, committed 2176K, reserved 1048576K
}
Event: 5.810 GC heap before
{Heap before GC invocations=9 (full 0):
 garbage-first heap   total 194560K, used 159230K [0x0000000743800000, 0x0000000800000000)
  region size 2048K, 55 young (112640K), 3 survivors (6144K)
 Metaspace       used 18193K, committed 18496K, reserved 1114112K
  class space    used 2019K, committed 2176K, reserved 1048576K
}
Event: 5.814 GC heap after
{Heap after GC invocations=10 (full 0):
 garbage-first heap   total 194560K, used 54800K [0x0000000743800000, 0x0000000800000000)
  region size 2048K, 3 young (6144K), 3 survivors (6144K)
 Metaspace       used 18193K, committed 18496K, reserved 1114112K
  class space    used 2019K, committed 2176K, reserved 1048576K
}
Event: 6.076 GC heap before
{Heap before GC invocations=10 (full 0):
 garbage-first heap   total 194560K, used 157200K [0x0000000743800000, 0x0000000800000000)
  region size 2048K, 54 young (110592K), 3 survivors (6144K)
 Metaspace       used 18203K, committed 18496K, reserved 1114112K
  class space    used 2019K, committed 2176K, reserved 1048576K
}
Event: 6.079 GC heap after
{Heap after GC invocations=11 (full 0):
 garbage-first heap   total 194560K, used 54771K [0x0000000743800000, 0x0000000800000000)
  region size 2048K, 3 young (6144K), 3 survivors (6144K)
 Metaspace       used 18203K, committed 18496K, reserved 1114112K
  class space    used 2019K, committed 2176K, reserved 1048576K
}
Event: 6.390 GC heap before
{Heap before GC invocations=11 (full 0):
 garbage-first heap   total 194560K, used 157171K [0x0000000743800000, 0x0000000800000000)
  region size 2048K, 54 young (110592K), 3 survivors (6144K)
 Metaspace       used 18259K, committed 18560K, reserved 1114112K
  class space    used 2019K, committed 2176K, reserved 1048576K
}
Event: 6.392 GC heap after
{Heap after GC invocations=12 (full 0):
 garbage-first heap   total 194560K, used 54450K [0x0000000743800000, 0x0000000800000000)
  region size 2048K, 3 young (6144K), 3 survivors (6144K)
 Metaspace       used 18259K, committed 18560K, reserved 1114112K
  class space    used 2019K, committed 2176K, reserved 1048576K
}
Event: 6.630 GC heap before
{Heap before GC invocations=12 (full 0):
 garbage-first heap   total 194560K, used 156850K [0x0000000743800000, 0x0000000800000000)
  region size 2048K, 54 young (110592K), 3 survivors (6144K)
 Metaspace       used 18296K, committed 18624K, reserved 1114112K
  class space    used 2019K, committed 2176K, reserved 1048576K
}
Event: 6.632 GC heap after
{Heap after GC invocations=13 (full 0):
 garbage-first heap   total 194560K, used 54800K [0x0000000743800000, 0x0000000800000000)
  region size 2048K, 3 young (6144K), 3 survivors (6144K)
 Metaspace       used 18296K, committed 18624K, reserved 1114112K
  class space    used 2019K, committed 2176K, reserved 1048576K
}
Event: 6.896 GC heap before
{Heap before GC invocations=13 (full 0):
 garbage-first heap   total 194560K, used 157200K [0x0000000743800000, 0x0000000800000000)
  region size 2048K, 54 young (110592K), 3 survivors (6144K)
 Metaspace       used 18328K, committed 18624K, reserved 1114112K
  class space    used 2019K, committed 2176K, reserved 1048576K
}
Event: 6.899 GC heap after
{Heap after GC invocations=14 (full 0):
 garbage-first heap   total 194560K, used 55802K [0x0000000743800000, 0x0000000800000000)
  region size 2048K, 4 young (8192K), 4 survivors (8192K)
 Metaspace       used 18328K, committed 18624K, reserved 1114112K
  class space    used 2019K, committed 2176K, reserved 1048576K
}
Event: 7.140 GC heap before
{Heap before GC invocations=14 (full 0):
 garbage-first heap   total 194560K, used 154106K [0x0000000743800000, 0x0000000800000000)
  region size 2048K, 53 young (108544K), 4 survivors (8192K)
 Metaspace       used 18338K, committed 18624K, reserved 1114112K
  class space    used 2019K, committed 2176K, reserved 1048576K
}
Event: 7.142 GC heap after
{Heap after GC invocations=15 (full 0):
 garbage-first heap   total 194560K, used 54762K [0x0000000743800000, 0x0000000800000000)
  region size 2048K, 3 young (6144K), 3 survivors (6144K)
 Metaspace       used 18338K, committed 18624K, reserved 1114112K
  class space    used 2019K, committed 2176K, reserved 1048576K
}
Event: 7.403 GC heap before
{Heap before GC invocations=15 (full 0):
 garbage-first heap   total 194560K, used 155114K [0x0000000743800000, 0x0000000800000000)
  region size 2048K, 53 young (108544K), 3 survivors (6144K)
 Metaspace       used 18339K, committed 18624K, reserved 1114112K
  class space    used 2019K, committed 2176K, reserved 1048576K
}
Event: 7.405 GC heap after
{Heap after GC invocations=16 (full 0):
 garbage-first heap   total 194560K, used 51825K [0x0000000743800000, 0x0000000800000000)
  region size 2048K, 2 young (4096K), 2 survivors (4096K)
 Metaspace       used 18339K, committed 18624K, reserved 1114112K
  class space    used 2019K, committed 2176K, reserved 1048576K
}

