# JRE version: OpenJDK Runtime Environment Temurin-17.0.8+7 (17.0.8+7) (build 17.0.8+7)
# Java VM: OpenJDK 64-Bit Server VM Temurin-17.0.8+7 (17.0.8+7, mixed mode, sharing, tiered, compressed oops, compressed class ptrs, g1 gc, windows-amd64)
GC Precious Log:
 CPUs: 8 total, 8 available
 Memory: 12056M
 Large Page Support: Disabled
 NUMA Support: Disabled
 Compressed Oops: Enabled (Zero based)
 Heap Region Size: 2M
 Heap Min Capacity: 8M
 Heap Initial Capacity: 190M
 Heap Max Capacity: 3016M
 Pre-touch: Disabled
 Parallel Workers: 8
 Concurrent Workers: 2
 Concurrent Refinement Workers: 8
 Periodic GC: Disabled
Heap:
 garbage-first heap   total 280576K, used 50082K [0x0000000743800000, 0x0000000800000000)
  region size 2048K, 13 young (26624K), 2 survivors (4096K)
 Metaspace       used 17972K, committed 18240K, reserved 1114112K
  class space    used 1983K, committed 2112K, reserved 1048576K
GC Heap History (20 events):
Event: 233.253 GC heap before
{Heap before GC invocations=530 (full 0):
 garbage-first heap   total 280576K, used 193728K [0x0000000743800000, 0x0000000800000000)
  region size 2048K, 82 young (167936K), 1 survivors (2048K)
 Metaspace       used 17939K, committed 18176K, reserved 1114112K
  class space    used 1981K, committed 2112K, reserved 1048576K
}
Event: 233.254 GC heap after
{Heap after GC invocations=531 (full 0):
 garbage-first heap   total 280576K, used 32764K [0x0000000743800000, 0x0000000800000000)
  region size 2048K, 2 young (4096K), 2 survivors (4096K)
 Metaspace       used 17939K, committed 18176K, reserved 1114112K
  class space    used 1981K, committed 2112K, reserved 1048576K
}
Event: 233.671 GC heap before
{Heap before GC invocations=531 (full 0):
 garbage-first heap   total 280576K, used 194556K [0x0000000743800000, 0x0000000800000000)
  region size 2048K, 82 young (167936K), 2 survivors (4096K)
 Metaspace       used 17939K, committed 18176K, reserved 1114112K
  class space    used 1981K, committed 2112K, reserved 1048576K
}
Event: 233.672 GC heap after
{Heap after GC invocations=532 (full 0):
 garbage-first heap   total 280576K, used 29734K [0x0000000743800000, 0x0000000800000000)
  region size 2048K, 1 young (2048K), 1 survivors (2048K)
 Metaspace       used 17939K, committed 18176K, reserved 1114112K
  class space    used 1981K, committed 2112K, reserved 1048576K
}
Event: 234.081 GC heap before
{Heap before GC invocations=532 (full 0):
 garbage-first heap   total 280576K, used 193574K [0x0000000743800000, 0x0000000800000000)
  region size 2048K, 82 young (167936K), 1 survivors (2048K)
 Metaspace       used 17939K, committed 18176K, reserved 1114112K
  class space    used 1981K, committed 2112K, reserved 1048576K
}
Event: 234.082 GC heap after
{Heap after GC invocations=533 (full 0):
 garbage-first heap   total 280576K, used 32554K [0x0000000743800000, 0x0000000800000000)
  region size 2048K, 2 young (4096K), 2 survivors (4096K)
 Metaspace       used 17939K, committed 18176K, reserved 1114112K
  class space    used 1981K, committed 2112K, reserved 1048576K
}
Event: 234.514 GC heap before
{Heap before GC invocations=533 (full 0):
 garbage-first heap   total 280576K, used 194346K [0x0000000743800000, 0x0000000800000000)
  region size 2048K, 82 young (167936K), 2 survivors (4096K)
 Metaspace       used 17939K, committed 18176K, reserved 1114112K
  class space    used 1981K, committed 2112K, reserved 1048576K
}
Event: 234.515 GC heap after
{Heap after GC invocations=534 (full 0):
 garbage-first heap   total 280576K, used 31650K [0x0000000743800000, 0x0000000800000000)
  region size 2048K, 2 young (4096K), 2 survivors (4096K)
 Metaspace       used 17939K, committed 18176K, reserved 1114112K
  class space    used 1981K, committed 2112K, reserved 1048576K
}
Event: 234.955 GC heap before
{Heap before GC invocations=534 (full 0):
 garbage-first heap   total 280576K, used 193442K [0x0000000743800000, 0x0000000800000000)
  region size 2048K, 82 young (167936K), 2 survivors (4096K)
 Metaspace       used 17939K, committed 18176K, reserved 1114112K
  class space    used 1981K, committed 2112K, reserved 1048576K
}
Event: 234.958 GC heap after
{Heap after GC invocations=535 (full 0):
 garbage-first heap   total 280576K, used 31652K [0x0000000743800000, 0x0000000800000000)
  region size 2048K, 2 young (4096K), 2 survivors (4096K)
 Metaspace       used 17939K, committed 18176K, reserved 1114112K
  class space    used 1981K, committed 2112K, reserved 1048576K
}
Event: 235.399 GC heap before
{Heap before GC invocations=535 (full 0):
 garbage-first heap   total 280576K, used 193444K [0x0000000743800000, 0x0000000800000000)
  region size 2048K, 82 young (167936K), 2 survivors (4096K)
 Metaspace       used 17939K, committed 18176K, reserved 1114112K
  class space    used 1981K, committed 2112K, reserved 1048576K
}
Event: 235.400 GC heap after
{Heap after GC invocations=536 (full 0):
 garbage-first heap   total 280576K, used 30636K [0x0000000743800000, 0x0000000800000000)
  region size 2048K, 1 young (2048K), 1 survivors (2048K)
 Metaspace       used 17939K, committed 18176K, reserved 1114112K
  class space    used 1981K, committed 2112K, reserved 1048576K
}
Event: 235.866 GC heap before
{Heap before GC invocations=536 (full 0):
 garbage-first heap   total 280576K, used 194476K [0x0000000743800000, 0x0000000800000000)
  region size 2048K, 82 young (167936K), 1 survivors (2048K)
 Metaspace       used 17939K, committed 18176K, reserved 1114112K
  class space    used 1981K, committed 2112K, reserved 1048576K
}
Event: 235.868 GC heap after
{Heap after GC invocations=537 (full 0):
 garbage-first heap   total 280576K, used 28832K [0x0000000743800000, 0x0000000800000000)
  region size 2048K, 1 young (2048K), 1 survivors (2048K)
 Metaspace       used 17939K, committed 18176K, reserved 1114112K
  class space    used 1981K, committed 2112K, reserved 1048576K
}
Event: 236.294 GC heap before
{Heap before GC invocations=537 (full 0):
 garbage-first heap   total 280576K, used 192672K [0x0000000743800000, 0x0000000800000000)
  region size 2048K, 82 young (167936K), 1 survivors (2048K)
 Metaspace       used 17941K, committed 18176K, reserved 1114112K
  class space    used 1981K, committed 2112K, reserved 1048576K
}
Event: 236.295 GC heap after
{Heap after GC invocations=538 (full 0):
 garbage-first heap   total 280576K, used 31648K [0x0000000743800000, 0x0000000800000000)
  region size 2048K, 2 young (4096K), 2 survivors (4096K)
 Metaspace       used 17941K, committed 18176K, reserved 1114112K
  class space    used 1981K, committed 2112K, reserved 1048576K
}
Event: 236.749 GC heap before
{Heap before GC invocations=538 (full 0):
 garbage-first heap   total 280576K, used 193440K [0x0000000743800000, 0x0000000800000000)
  region size 2048K, 82 young (167936K), 2 survivors (4096K)
 Metaspace       used 17962K, committed 18240K, reserved 1114112K
  class space    used 1981K, committed 2112K, reserved 1048576K
}
Event: 236.751 GC heap after
{Heap after GC invocations=539 (full 0):
 garbage-first heap   total 280576K, used 30694K [0x0000000743800000, 0x0000000800000000)
  region size 2048K, 1 young (2048K), 1 survivors (2048K)
 Metaspace       used 17962K, committed 18240K, reserved 1114112K
  class space    used 1981K, committed 2112K, reserved 1048576K
}
Event: 237.184 GC heap before
{Heap before GC invocations=539 (full 0):
 garbage-first heap   total 280576K, used 194534K [0x0000000743800000, 0x0000000800000000)
  region size 2048K, 82 young (167936K), 1 survivors (2048K)
 Metaspace       used 17972K, committed 18240K, reserved 1114112K
  class space    used 1983K, committed 2112K, reserved 1048576K
}
Event: 237.185 GC heap after
{Heap after GC invocations=540 (full 0):
 garbage-first heap   total 280576K, used 31650K [0x0000000743800000, 0x0000000800000000)
  region size 2048K, 2 young (4096K), 2 survivors (4096K)
 Metaspace       used 17972K, committed 18240K, reserved 1114112K
  class space    used 1983K, committed 2112K, reserved 1048576K
}

