# JRE version: OpenJDK Runtime Environment Temurin-17.0.8+7 (17.0.8+7) (build 17.0.8+7)
# Java VM: OpenJDK 64-Bit Server VM Temurin-17.0.8+7 (17.0.8+7, mixed mode, sharing, tiered, compressed oops, compressed class ptrs, g1 gc, windows-amd64)
GC Precious Log:
 CPUs: 8 total, 8 available
 Memory: 12056M
 Large Page Support: Disabled
 NUMA Support: Disabled
 Compressed Oops: Enabled (Zero based)
 Heap Region Size: 2M
 Heap Min Capacity: 8M
 Heap Initial Capacity: 190M
 Heap Max Capacity: 3016M
 Pre-touch: Disabled
 Parallel Workers: 8
 Concurrent Workers: 2
 Concurrent Refinement Workers: 8
 Periodic GC: Disabled
Heap:
 garbage-first heap   total 194560K, used 113426K [0x0000000743800000, 0x0000000800000000)
  region size 2048K, 45 young (92160K), 1 survivors (2048K)
 Metaspace       used 15071K, committed 15360K, reserved 1114112K
  class space    used 1608K, committed 1792K, reserved 1048576K
GC Heap History (20 events):
Event: 27.841 GC heap before
{Heap before GC invocations=46 (full 0):
 garbage-first heap   total 194560K, used 140029K [0x0000000743800000, 0x0000000800000000)
  region size 2048K, 57 young (116736K), 1 survivors (2048K)
 Metaspace       used 15009K, committed 15360K, reserved 1114112K
  class space    used 1606K, committed 1792K, reserved 1048576K
}
Event: 27.842 GC heap after
{Heap after GC invocations=47 (full 0):
 garbage-first heap   total 194560K, used 27393K [0x0000000743800000, 0x0000000800000000)
  region size 2048K, 1 young (2048K), 1 survivors (2048K)
 Metaspace       used 15009K, committed 15360K, reserved 1114112K
  class space    used 1606K, committed 1792K, reserved 1048576K
}
Event: 28.400 GC heap before
{Heap before GC invocations=47 (full 0):
 garbage-first heap   total 194560K, used 140033K [0x0000000743800000, 0x0000000800000000)
  region size 2048K, 57 young (116736K), 1 survivors (2048K)
 Metaspace       used 15009K, committed 15360K, reserved 1114112K
  class space    used 1606K, committed 1792K, reserved 1048576K
}
Event: 28.401 GC heap after
{Heap after GC invocations=48 (full 0):
 garbage-first heap   total 194560K, used 27392K [0x0000000743800000, 0x0000000800000000)
  region size 2048K, 1 young (2048K), 1 survivors (2048K)
 Metaspace       used 15009K, committed 15360K, reserved 1114112K
  class space    used 1606K, committed 1792K, reserved 1048576K
}
Event: 28.961 GC heap before
{Heap before GC invocations=48 (full 0):
 garbage-first heap   total 194560K, used 140032K [0x0000000743800000, 0x0000000800000000)
  region size 2048K, 57 young (116736K), 1 survivors (2048K)
 Metaspace       used 15009K, committed 15360K, reserved 1114112K
  class space    used 1606K, committed 1792K, reserved 1048576K
}
Event: 28.962 GC heap after
{Heap after GC invocations=49 (full 0):
 garbage-first heap   total 194560K, used 27400K [0x0000000743800000, 0x0000000800000000)
  region size 2048K, 1 young (2048K), 1 survivors (2048K)
 Metaspace       used 15009K, committed 15360K, reserved 1114112K
  class space    used 1606K, committed 1792K, reserved 1048576K
}
Event: 29.551 GC heap before
{Heap before GC invocations=49 (full 0):
 garbage-first heap   total 194560K, used 140040K [0x0000000743800000, 0x0000000800000000)
  region size 2048K, 57 young (116736K), 1 survivors (2048K)
 Metaspace       used 15009K, committed 15360K, reserved 1114112K
  class space    used 1606K, committed 1792K, reserved 1048576K
}
Event: 29.552 GC heap after
{Heap after GC invocations=50 (full 0):
 garbage-first heap   total 194560K, used 27255K [0x0000000743800000, 0x0000000800000000)
  region size 2048K, 1 young (2048K), 1 survivors (2048K)
 Metaspace       used 15009K, committed 15360K, reserved 1114112K
  class space    used 1606K, committed 1792K, reserved 1048576K
}
Event: 30.111 GC heap before
{Heap before GC invocations=50 (full 0):
 garbage-first heap   total 194560K, used 139895K [0x0000000743800000, 0x0000000800000000)
  region size 2048K, 57 young (116736K), 1 survivors (2048K)
 Metaspace       used 15009K, committed 15360K, reserved 1114112K
  class space    used 1606K, committed 1792K, reserved 1048576K
}
Event: 30.112 GC heap after
{Heap after GC invocations=51 (full 0):
 garbage-first heap   total 194560K, used 27469K [0x0000000743800000, 0x0000000800000000)
  region size 2048K, 1 young (2048K), 1 survivors (2048K)
 Metaspace       used 15009K, committed 15360K, reserved 1114112K
  class space    used 1606K, committed 1792K, reserved 1048576K
}
Event: 30.671 GC heap before
{Heap before GC invocations=51 (full 0):
 garbage-first heap   total 194560K, used 140109K [0x0000000743800000, 0x0000000800000000)
  region size 2048K, 57 young (116736K), 1 survivors (2048K)
 Metaspace       used 15009K, committed 15360K, reserved 1114112K
  class space    used 1606K, committed 1792K, reserved 1048576K
}
Event: 30.672 GC heap after
{Heap after GC invocations=52 (full 0):
 garbage-first heap   total 194560K, used 27469K [0x0000000743800000, 0x0000000800000000)
  region size 2048K, 1 young (2048K), 1 survivors (2048K)
 Metaspace       used 15009K, committed 15360K, reserved 1114112K
  class space    used 1606K, committed 1792K, reserved 1048576K
}
Event: 31.237 GC heap before
{Heap before GC invocations=52 (full 0):
 garbage-first heap   total 194560K, used 140109K [0x0000000743800000, 0x0000000800000000)
  region size 2048K, 57 young (116736K), 1 survivors (2048K)
 Metaspace       used 15009K, committed 15360K, reserved 1114112K
  class space    used 1606K, committed 1792K, reserved 1048576K
}
Event: 31.238 GC heap after
{Heap after GC invocations=53 (full 0):
 garbage-first heap   total 194560K, used 27408K [0x0000000743800000, 0x0000000800000000)
  region size 2048K, 1 young (2048K), 1 survivors (2048K)
 Metaspace       used 15009K, committed 15360K, reserved 1114112K
  class space    used 1606K, committed 1792K, reserved 1048576K
}
Event: 31.814 GC heap before
{Heap before GC invocations=53 (full 0):
 garbage-first heap   total 194560K, used 140048K [0x0000000743800000, 0x0000000800000000)
  region size 2048K, 57 young (116736K), 1 survivors (2048K)
 Metaspace       used 15020K, committed 15360K, reserved 1114112K
  class space    used 1606K, committed 1792K, reserved 1048576K
}
Event: 31.815 GC heap after
{Heap after GC invocations=54 (full 0):
 garbage-first heap   total 194560K, used 27408K [0x0000000743800000, 0x0000000800000000)
  region size 2048K, 1 young (2048K), 1 survivors (2048K)
 Metaspace       used 15020K, committed 15360K, reserved 1114112K
  class space    used 1606K, committed 1792K, reserved 1048576K
}
Event: 32.367 GC heap before
{Heap before GC invocations=54 (full 0):
 garbage-first heap   total 194560K, used 140048K [0x0000000743800000, 0x0000000800000000)
  region size 2048K, 57 young (116736K), 1 survivors (2048K)
 Metaspace       used 15056K, committed 15360K, reserved 1114112K
  class space    used 1606K, committed 1792K, reserved 1048576K
}
Event: 32.368 GC heap after
{Heap after GC invocations=55 (full 0):
 garbage-first heap   total 194560K, used 27410K [0x0000000743800000, 0x0000000800000000)
  region size 2048K, 1 young (2048K), 1 survivors (2048K)
 Metaspace       used 15056K, committed 15360K, reserved 1114112K
  class space    used 1606K, committed 1792K, reserved 1048576K
}
Event: 32.921 GC heap before
{Heap before GC invocations=55 (full 0):
 garbage-first heap   total 194560K, used 140050K [0x0000000743800000, 0x0000000800000000)
  region size 2048K, 57 young (116736K), 1 survivors (2048K)
 Metaspace       used 15062K, committed 15360K, reserved 1114112K
  class space    used 1606K, committed 1792K, reserved 1048576K
}
Event: 32.921 GC heap after
{Heap after GC invocations=56 (full 0):
 garbage-first heap   total 194560K, used 27410K [0x0000000743800000, 0x0000000800000000)
  region size 2048K, 1 young (2048K), 1 survivors (2048K)
 Metaspace       used 15062K, committed 15360K, reserved 1114112K
  class space    used 1606K, committed 1792K, reserved 1048576K
}

