# JRE version: OpenJDK Runtime Environment Temurin-17.0.8+7 (17.0.8+7) (build 17.0.8+7)
# Java VM: OpenJDK 64-Bit Server VM Temurin-17.0.8+7 (17.0.8+7, mixed mode, sharing, tiered, compressed oops, compressed class ptrs, g1 gc, windows-amd64)
GC Precious Log:
 CPUs: 8 total, 8 available
 Memory: 12056M
 Large Page Support: Disabled
 NUMA Support: Disabled
 Compressed Oops: Enabled (Zero based)
 Heap Region Size: 2M
 Heap Min Capacity: 8M
 Heap Initial Capacity: 190M
 Heap Max Capacity: 3016M
 Pre-touch: Disabled
 Parallel Workers: 8
 Concurrent Workers: 2
 Concurrent Refinement Workers: 8
 Periodic GC: Disabled
Heap:
 garbage-first heap   total 391168K, used 107563K [0x0000000743800000, 0x0000000800000000)
  region size 2048K, 34 young (69632K), 3 survivors (6144K)
 Metaspace       used 22846K, committed 23168K, reserved 1114112K
  class space    used 2320K, committed 2496K, reserved 1048576K
GC Heap History (20 events):
Event: 1293.067 GC heap before
{Heap before GC invocations=6225 (full 0):
 garbage-first heap   total 391168K, used 272263K [0x0000000743800000, 0x0000000800000000)
  region size 2048K, 114 young (233472K), 4 survivors (8192K)
 Metaspace       used 22837K, committed 23168K, reserved 1114112K
  class space    used 2318K, committed 2496K, reserved 1048576K
}
Event: 1293.068 GC heap after
{Heap after GC invocations=6226 (full 0):
 garbage-first heap   total 391168K, used 46344K [0x0000000743800000, 0x0000000800000000)
  region size 2048K, 2 young (4096K), 2 survivors (4096K)
 Metaspace       used 22837K, committed 23168K, reserved 1114112K
  class space    used 2318K, committed 2496K, reserved 1048576K
}
Event: 1293.291 GC heap before
{Heap before GC invocations=6226 (full 0):
 garbage-first heap   total 391168K, used 273672K [0x0000000743800000, 0x0000000800000000)
  region size 2048K, 114 young (233472K), 2 survivors (4096K)
 Metaspace       used 22837K, committed 23168K, reserved 1114112K
  class space    used 2318K, committed 2496K, reserved 1048576K
}
Event: 1293.292 GC heap after
{Heap after GC invocations=6227 (full 0):
 garbage-first heap   total 391168K, used 48722K [0x0000000743800000, 0x0000000800000000)
  region size 2048K, 3 young (6144K), 3 survivors (6144K)
 Metaspace       used 22837K, committed 23168K, reserved 1114112K
  class space    used 2318K, committed 2496K, reserved 1048576K
}
Event: 1293.523 GC heap before
{Heap before GC invocations=6227 (full 0):
 garbage-first heap   total 391168K, used 274002K [0x0000000743800000, 0x0000000800000000)
  region size 2048K, 114 young (233472K), 3 survivors (6144K)
 Metaspace       used 22837K, committed 23168K, reserved 1114112K
  class space    used 2318K, committed 2496K, reserved 1048576K
}
Event: 1293.524 GC heap after
{Heap after GC invocations=6228 (full 0):
 garbage-first heap   total 391168K, used 48729K [0x0000000743800000, 0x0000000800000000)
  region size 2048K, 3 young (6144K), 3 survivors (6144K)
 Metaspace       used 22837K, committed 23168K, reserved 1114112K
  class space    used 2318K, committed 2496K, reserved 1048576K
}
Event: 1293.743 GC heap before
{Heap before GC invocations=6228 (full 0):
 garbage-first heap   total 391168K, used 274009K [0x0000000743800000, 0x0000000800000000)
  region size 2048K, 114 young (233472K), 3 survivors (6144K)
 Metaspace       used 22837K, committed 23168K, reserved 1114112K
  class space    used 2318K, committed 2496K, reserved 1048576K
}
Event: 1293.745 GC heap after
{Heap after GC invocations=6229 (full 0):
 garbage-first heap   total 391168K, used 50257K [0x0000000743800000, 0x0000000800000000)
  region size 2048K, 4 young (8192K), 4 survivors (8192K)
 Metaspace       used 22837K, committed 23168K, reserved 1114112K
  class space    used 2318K, committed 2496K, reserved 1048576K
}
Event: 1293.971 GC heap before
{Heap before GC invocations=6229 (full 0):
 garbage-first heap   total 391168K, used 273489K [0x0000000743800000, 0x0000000800000000)
  region size 2048K, 114 young (233472K), 4 survivors (8192K)
 Metaspace       used 22838K, committed 23168K, reserved 1114112K
  class space    used 2318K, committed 2496K, reserved 1048576K
}
Event: 1293.972 GC heap after
{Heap after GC invocations=6230 (full 0):
 garbage-first heap   total 391168K, used 44057K [0x0000000743800000, 0x0000000800000000)
  region size 2048K, 1 young (2048K), 1 survivors (2048K)
 Metaspace       used 22838K, committed 23168K, reserved 1114112K
  class space    used 2318K, committed 2496K, reserved 1048576K
}
Event: 1294.186 GC heap before
{Heap before GC invocations=6230 (full 0):
 garbage-first heap   total 391168K, used 273433K [0x0000000743800000, 0x0000000800000000)
  region size 2048K, 114 young (233472K), 1 survivors (2048K)
 Metaspace       used 22838K, committed 23168K, reserved 1114112K
  class space    used 2318K, committed 2496K, reserved 1048576K
}
Event: 1294.187 GC heap after
{Heap after GC invocations=6231 (full 0):
 garbage-first heap   total 391168K, used 48873K [0x0000000743800000, 0x0000000800000000)
  region size 2048K, 3 young (6144K), 3 survivors (6144K)
 Metaspace       used 22838K, committed 23168K, reserved 1114112K
  class space    used 2318K, committed 2496K, reserved 1048576K
}
Event: 1294.481 GC heap before
{Heap before GC invocations=6231 (full 0):
 garbage-first heap   total 391168K, used 274153K [0x0000000743800000, 0x0000000800000000)
  region size 2048K, 114 young (233472K), 3 survivors (6144K)
 Metaspace       used 22838K, committed 23168K, reserved 1114112K
  class space    used 2318K, committed 2496K, reserved 1048576K
}
Event: 1294.483 GC heap after
{Heap after GC invocations=6232 (full 0):
 garbage-first heap   total 391168K, used 45009K [0x0000000743800000, 0x0000000800000000)
  region size 2048K, 2 young (4096K), 2 survivors (4096K)
 Metaspace       used 22838K, committed 23168K, reserved 1114112K
  class space    used 2318K, committed 2496K, reserved 1048576K
}
Event: 1294.725 GC heap before
{Heap before GC invocations=6232 (full 0):
 garbage-first heap   total 391168K, used 272337K [0x0000000743800000, 0x0000000800000000)
  region size 2048K, 114 young (233472K), 2 survivors (4096K)
 Metaspace       used 22838K, committed 23168K, reserved 1114112K
  class space    used 2318K, committed 2496K, reserved 1048576K
}
Event: 1294.726 GC heap after
{Heap after GC invocations=6233 (full 0):
 garbage-first heap   total 391168K, used 49027K [0x0000000743800000, 0x0000000800000000)
  region size 2048K, 4 young (8192K), 4 survivors (8192K)
 Metaspace       used 22838K, committed 23168K, reserved 1114112K
  class space    used 2318K, committed 2496K, reserved 1048576K
}
Event: 1294.946 GC heap before
{Heap before GC invocations=6233 (full 0):
 garbage-first heap   total 391168K, used 272259K [0x0000000743800000, 0x0000000800000000)
  region size 2048K, 114 young (233472K), 4 survivors (8192K)
 Metaspace       used 22838K, committed 23168K, reserved 1114112K
  class space    used 2318K, committed 2496K, reserved 1048576K
}
Event: 1294.947 GC heap after
{Heap after GC invocations=6234 (full 0):
 garbage-first heap   total 391168K, used 48939K [0x0000000743800000, 0x0000000800000000)
  region size 2048K, 3 young (6144K), 3 survivors (6144K)
 Metaspace       used 22838K, committed 23168K, reserved 1114112K
  class space    used 2318K, committed 2496K, reserved 1048576K
}
Event: 1295.161 GC heap before
{Heap before GC invocations=6234 (full 0):
 garbage-first heap   total 391168K, used 274219K [0x0000000743800000, 0x0000000800000000)
  region size 2048K, 114 young (233472K), 3 survivors (6144K)
 Metaspace       used 22846K, committed 23168K, reserved 1114112K
  class space    used 2320K, committed 2496K, reserved 1048576K
}
Event: 1295.163 GC heap after
{Heap after GC invocations=6235 (full 0):
 garbage-first heap   total 391168K, used 48171K [0x0000000743800000, 0x0000000800000000)
  region size 2048K, 3 young (6144K), 3 survivors (6144K)
 Metaspace       used 22846K, committed 23168K, reserved 1114112K
  class space    used 2320K, committed 2496K, reserved 1048576K
}

